<?xml version="1.0" encoding="UTF-8"?>
<!-- Generated by org.testng.reporters.JUnitReportReporter -->
<testsuite hostname="Muthukumar" failures="0" tests="2" name="com.testExecution.Runner" time="3.056" errors="0" timestamp="2023-08-14T12:41:27 IST" skipped="0">
  <testcase classname="com.testExecution.Runner" name="searchAProduct" time="2.004"/>
  <testcase classname="com.testExecution.Runner" name="searchAProduct" time="1.052"/>
</testsuite> <!-- com.testExecution.Runner -->
